<?xml version="1.0" encoding="UTF-8"?>
<!-- Generated by org.testng.reporters.JUnitReportReporter -->
<testsuite hostname="DESKTOP-B5CJTOK" failures="0" tests="1" name="com.customertimes.test.hw4.login.LoginTest" time="2.063" errors="0" timestamp="2021-08-04T00:01:55 EEST" skipped="0">
  <testcase classname="com.customertimes.test.hw4.login.LoginTest" name="userCanLoginToJuiceShop" time="2.063"/>
  <system-out/>
</testsuite> <!-- com.customertimes.test.hw4.login.LoginTest -->
