<?xml version="1.0" encoding="UTF-8"?>
<!-- Generated by org.testng.reporters.JUnitReportReporter -->
<testsuite hostname="DESKTOP-B5CJTOK" failures="0" tests="1" name="com.customertimes.test.hw4.registration.RegistrationTest" time="6.994" errors="0" timestamp="2021-08-04T00:01:55 EEST" skipped="0">
  <testcase classname="com.customertimes.test.hw4.registration.RegistrationTest" name="userCanRegisterToJuicyShop" time="6.994"/>
  <system-out/>
</testsuite> <!-- com.customertimes.test.hw4.registration.RegistrationTest -->
