<?xml version="1.0" encoding="UTF-8"?>
<!-- Generated by org.testng.reporters.JUnitReportReporter -->
<testsuite hostname="DESKTOP-B5CJTOK" failures="0" tests="1" name="com.customertimes.test.hw4.registration.EmailValidationTest" time="2.979" errors="0" timestamp="2021-08-09T13:04:57 EEST" skipped="0">
  <testcase classname="com.customertimes.test.hw4.registration.EmailValidationTest" name="userCannotProvideInvalidEmail" time="2.979"/>
  <system-out/>
</testsuite> <!-- com.customertimes.test.hw4.registration.EmailValidationTest -->
